<?xml version="1.0" encoding="UTF-8"?>
<!-- Generated by org.testng.reporters.JUnitXMLReporter -->
<testsuite hostname="MyComputer" ignored="0" name="Default test" tests="3" failures="0" timestamp="24 Nov 2022 15:41:39 GMT" time="30.462" errors="0">
  <testcase name="addCategoryAndValidate" time="7.432" classname="test.AddCategoryTest"/>
  <testcase name="checkDuplicateCategory" time="6.725" classname="test.AddCategoryTest"/>
  <testcase name="monthDropDown" time="0.603" classname="test.AddCategoryTest"/>
</testsuite> <!-- Default test -->
